<?xml version="1.0" encoding="UTF-8"?>
<!-- Generated by org.testng.reporters.JUnitReportReporter -->
<testsuite hostname="DESKTOP-G7A9KI4" failures="0" tests="1" name="testCases.TC_MYINFO_LOGIN_01" time="0.613" errors="0" timestamp="2025-01-22T11:41:58 IST" skipped="0">
  <testcase classname="testCases.TC_MYINFO_LOGIN_01" name="verify_login" time="0.613"/>
</testsuite> <!-- testCases.TC_MYINFO_LOGIN_01 -->
