<?xml version="1.0" encoding="UTF-8"?>
<!-- Generated by org.testng.reporters.JUnitReportReporter -->
<testsuite hostname="DESKTOP-G7A9KI4" failures="0" tests="1" name="testCases.TC_MYINFO_LOGIN_01" time="2.237" errors="0" timestamp="2025-02-07T22:58:48 IST" skipped="0">
  <testcase classname="testCases.TC_MYINFO_LOGIN_01" name="verify_login" time="2.237"/>
</testsuite> <!-- testCases.TC_MYINFO_LOGIN_01 -->
